<?xml version="1.0" encoding="UTF-8"?>
<!-- Generated by org.testng.reporters.JUnitReportReporter -->
<testsuite hostname="LAPTOP-1826LOER" failures="0" tests="1" name="com.webshop.base.DriverScript" time="7.085" errors="0" timestamp="2024-07-09T07:28:17 IST" skipped="0">
  <testcase classname="com.webshop.base.DriverScript" name="initApplication" time="7.085"/>
</testsuite> <!-- com.webshop.base.DriverScript -->
