<?xml version="1.0" encoding="UTF-8"?>
<!-- Generated by org.testng.reporters.JUnitReportReporter -->
<testsuite hostname="LAPTOP-1826LOER" failures="0" tests="2" name="com.webshop.tests.BooksPageTest" time="16.968" errors="0" timestamp="2024-07-16T07:26:21 IST" skipped="0">
  <testcase classname="com.webshop.tests.BooksPageTest" name="testBookPageTitle" time="7.324"/>
  <testcase classname="com.webshop.tests.BooksPageTest" name="testDisplaySize" time="9.644"/>
</testsuite> <!-- com.webshop.tests.BooksPageTest -->
