<?xml version="1.0" encoding="UTF-8"?>
<!-- Generated by org.testng.reporters.JUnitReportReporter -->
<testsuite hostname="LAPTOP-1826LOER" failures="0" tests="4" name="com.webshop.tests.LoginPageTests" time="25.400" errors="0" timestamp="2024-07-12T07:16:32 IST" skipped="0">
  <testcase classname="com.webshop.tests.LoginPageTests" name="testLoginPageTitle" time="5.615"/>
  <testcase classname="com.webshop.tests.LoginPageTests" name="testWelcomeSignIn" time="6.673"/>
  <testcase classname="com.webshop.tests.LoginPageTests" name="testForgotPasswordIsDisplayed" time="5.536"/>
  <testcase classname="com.webshop.tests.LoginPageTests" name="testLoginFunction" time="7.576"/>
</testsuite> <!-- com.webshop.tests.LoginPageTests -->
